<?xml version="1.0" encoding="UTF-8"?>
<coverage generated="1678085192750" clover="3.2.0">
  <project timestamp="1678085192750" name="All files">
    <metrics statements="154" coveredstatements="154" conditionals="33" coveredconditionals="33" methods="38" coveredmethods="38" elements="225" coveredelements="225" complexity="0" loc="154" ncloc="154" packages="2" files="7" classes="7"/>
    <package name="src">
      <metrics statements="136" coveredstatements="136" conditionals="33" coveredconditionals="33" methods="28" coveredmethods="28"/>
      <file name="container.ts" path="/Users/lujunsheng/myOwnX/DI/src/container.ts">
        <metrics statements="59" coveredstatements="59" conditionals="16" coveredconditionals="16" methods="11" coveredmethods="11"/>
        <line num="3" count="2" type="stmt"/>
        <line num="4" count="2" type="stmt"/>
        <line num="6" count="2" type="stmt"/>
        <line num="12" count="2" type="stmt"/>
        <line num="14" count="2" type="stmt"/>
        <line num="17" count="2" type="cond" truecount="1" falsecount="0"/>
        <line num="18" count="2" type="stmt"/>
        <line num="20" count="2" type="stmt"/>
        <line num="24" count="48" type="cond" truecount="1" falsecount="0"/>
        <line num="25" count="12" type="stmt"/>
        <line num="26" count="60" type="stmt"/>
        <line num="27" count="60" type="stmt"/>
        <line num="28" count="60" type="stmt"/>
        <line num="31" count="12" type="stmt"/>
        <line num="32" count="60" type="stmt"/>
        <line num="33" count="60" type="stmt"/>
        <line num="34" count="60" type="stmt"/>
        <line num="37" count="12" type="stmt"/>
        <line num="38" count="228" type="stmt"/>
        <line num="39" count="228" type="stmt"/>
        <line num="40" count="228" type="stmt"/>
        <line num="43" count="12" type="stmt"/>
        <line num="44" count="36" type="stmt"/>
        <line num="45" count="36" type="stmt"/>
        <line num="46" count="36" type="stmt"/>
        <line num="50" count="48" type="stmt"/>
        <line num="52" count="48" type="cond" truecount="1" falsecount="0"/>
        <line num="53" count="9" type="stmt"/>
        <line num="54" count="9" type="cond" truecount="1" falsecount="0"/>
        <line num="55" count="4" type="stmt"/>
        <line num="59" count="44" type="stmt"/>
        <line num="60" count="44" type="cond" truecount="3" falsecount="0"/>
        <line num="61" count="23" type="stmt"/>
        <line num="64" count="23" type="cond" truecount="1" falsecount="0"/>
        <line num="65" count="15" type="cond" truecount="1" falsecount="0"/>
        <line num="66" count="11" type="stmt"/>
        <line num="68" count="15" type="stmt"/>
        <line num="69" count="16" type="stmt"/>
        <line num="71" count="16" type="cond" truecount="2" falsecount="0"/>
        <line num="72" count="11" type="stmt"/>
        <line num="74" count="5" type="stmt"/>
        <line num="77" count="16" type="stmt"/>
        <line num="81" count="23" type="stmt"/>
        <line num="82" count="30" type="cond" truecount="1" falsecount="0"/>
        <line num="83" count="11" type="stmt"/>
        <line num="85" count="19" type="stmt"/>
        <line num="87" count="23" type="stmt"/>
        <line num="89" count="23" type="cond" truecount="1" falsecount="0"/>
        <line num="90" count="4" type="stmt"/>
        <line num="92" count="23" type="stmt"/>
        <line num="95" count="21" type="stmt"/>
        <line num="97" count="21" type="cond" truecount="1" falsecount="0"/>
        <line num="98" count="1" type="stmt"/>
        <line num="100" count="21" type="stmt"/>
        <line num="109" count="5" type="cond" truecount="1" falsecount="0"/>
        <line num="110" count="5" type="stmt"/>
        <line num="115" count="1" type="cond" truecount="1" falsecount="0"/>
        <line num="116" count="1" type="stmt"/>
        <line num="121" count="2" type="stmt"/>
      </file>
      <file name="dependencyGraph.ts" path="/Users/lujunsheng/myOwnX/DI/src/dependencyGraph.ts">
        <metrics statements="34" coveredstatements="34" conditionals="11" coveredconditionals="11" methods="5" coveredmethods="5"/>
        <line num="13" count="5" type="stmt"/>
        <line num="18" count="13" type="stmt"/>
        <line num="21" count="36" type="stmt"/>
        <line num="22" count="36" type="cond" truecount="2" falsecount="0"/>
        <line num="23" count="2" type="stmt"/>
        <line num="24" count="2" type="stmt"/>
        <line num="26" count="34" type="stmt"/>
        <line num="30" count="13" type="stmt"/>
        <line num="32" count="13" type="stmt"/>
        <line num="34" count="13" type="stmt"/>
        <line num="36" count="13" type="stmt"/>
        <line num="43" count="29" type="stmt"/>
        <line num="45" count="29" type="stmt"/>
        <line num="47" count="29" type="stmt"/>
        <line num="48" count="207" type="stmt"/>
        <line num="51" count="29" type="stmt"/>
        <line num="52" count="29" type="stmt"/>
        <line num="53" count="29" type="stmt"/>
        <line num="55" count="29" type="cond" truecount="1" falsecount="0"/>
        <line num="56" count="5" type="stmt"/>
        <line num="60" count="5" type="stmt"/>
        <line num="75" count="29" type="stmt"/>
        <line num="79" count="430" type="stmt"/>
        <line num="81" count="430" type="cond" truecount="1" falsecount="0"/>
        <line num="82" count="6" type="stmt"/>
        <line num="85" count="430" type="cond" truecount="3" falsecount="0"/>
        <line num="86" count="107" type="stmt"/>
        <line num="88" count="323" type="stmt"/>
        <line num="89" count="323" type="stmt"/>
        <line num="90" count="323" type="stmt"/>
        <line num="91" count="323" type="cond" truecount="4" falsecount="0"/>
        <line num="92" count="223" type="stmt"/>
        <line num="94" count="323" type="stmt"/>
        <line num="99" count="5" type="stmt"/>
      </file>
      <file name="inject.ts" path="/Users/lujunsheng/myOwnX/DI/src/inject.ts">
        <metrics statements="24" coveredstatements="24" conditionals="3" coveredconditionals="3" methods="8" coveredmethods="8"/>
        <line num="6" count="2" type="stmt"/>
        <line num="12" count="2" type="stmt"/>
        <line num="24" count="2" type="stmt"/>
        <line num="25" count="5" type="stmt"/>
        <line num="39" count="5" type="stmt"/>
        <line num="41" count="5" type="stmt"/>
        <line num="44" count="9" type="cond" truecount="1" falsecount="0"/>
        <line num="45" count="5" type="stmt"/>
        <line num="47" count="9" type="stmt"/>
        <line num="51" count="11" type="stmt"/>
        <line num="52" count="11" type="stmt"/>
        <line num="53" count="121" type="stmt"/>
        <line num="54" count="9" type="stmt"/>
        <line num="55" count="9" type="stmt"/>
        <line num="56" count="9" type="stmt"/>
        <line num="59" count="11" type="stmt"/>
        <line num="61" count="11" type="stmt"/>
        <line num="67" count="2" type="stmt"/>
        <line num="68" count="2" type="stmt"/>
        <line num="69" count="15" type="stmt"/>
        <line num="72" count="15" type="cond" truecount="2" falsecount="0"/>
        <line num="73" count="15" type="stmt"/>
        <line num="76" count="15" type="stmt"/>
        <line num="79" count="5" type="stmt"/>
      </file>
      <file name="injectable.ts" path="/Users/lujunsheng/myOwnX/DI/src/injectable.ts">
        <metrics statements="11" coveredstatements="11" conditionals="3" coveredconditionals="3" methods="2" coveredmethods="2"/>
        <line num="1" count="4" type="stmt"/>
        <line num="4" count="4" type="stmt"/>
        <line num="6" count="4" type="stmt"/>
        <line num="7" count="4" type="stmt"/>
        <line num="8" count="23" type="stmt"/>
        <line num="9" count="23" type="cond" truecount="2" falsecount="0"/>
        <line num="11" count="23" type="cond" truecount="1" falsecount="0"/>
        <line num="12" count="2" type="stmt"/>
        <line num="22" count="23" type="stmt"/>
        <line num="23" count="23" type="stmt"/>
        <line num="24" count="23" type="stmt"/>
      </file>
      <file name="singleton.ts" path="/Users/lujunsheng/myOwnX/DI/src/singleton.ts">
        <metrics statements="8" coveredstatements="8" conditionals="0" coveredconditionals="0" methods="2" coveredmethods="2"/>
        <line num="1" count="3" type="stmt"/>
        <line num="4" count="3" type="stmt"/>
        <line num="5" count="3" type="stmt"/>
        <line num="7" count="3" type="stmt"/>
        <line num="8" count="3" type="stmt"/>
        <line num="9" count="6" type="stmt"/>
        <line num="10" count="6" type="stmt"/>
        <line num="11" count="6" type="stmt"/>
      </file>
    </package>
    <package name="src.mock">
      <metrics statements="18" coveredstatements="18" conditionals="0" coveredconditionals="0" methods="10" coveredmethods="10"/>
      <file name="circleA.ts" path="/Users/lujunsheng/myOwnX/DI/src/mock/circleA.ts">
        <metrics statements="8" coveredstatements="8" conditionals="0" coveredconditionals="0" methods="4" coveredmethods="4"/>
        <line num="1" count="1" type="stmt"/>
        <line num="2" count="1" type="stmt"/>
        <line num="3" count="1" type="stmt"/>
        <line num="16" count="1" type="stmt"/>
        <line num="17" count="2" type="stmt"/>
        <line num="18" count="2" type="stmt"/>
        <line num="26" count="1" type="stmt"/>
        <line num="27" count="2" type="stmt"/>
      </file>
      <file name="circleB.ts" path="/Users/lujunsheng/myOwnX/DI/src/mock/circleB.ts">
        <metrics statements="10" coveredstatements="10" conditionals="0" coveredconditionals="0" methods="6" coveredmethods="6"/>
        <line num="1" count="1" type="stmt"/>
        <line num="2" count="1" type="stmt"/>
        <line num="3" count="1" type="stmt"/>
        <line num="6" count="1" type="stmt"/>
        <line num="7" count="3" type="stmt"/>
        <line num="8" count="3" type="stmt"/>
        <line num="12" count="1" type="stmt"/>
        <line num="13" count="2" type="stmt"/>
        <line num="17" count="1" type="stmt"/>
        <line num="18" count="2" type="stmt"/>
      </file>
    </package>
  </project>
</coverage>
