{"/Users/lujunsheng/program1/di/src/injectable.ts": {"path":"/Users/lujunsheng/program1/di/src/injectable.ts","statementMap":{"0":{"start":{"line":3,"column":13},"end":{"line":3,"column":70}},"1":{"start":{"line":6,"column":2},"end":{"line":10,"column":3}},"2":{"start":{"line":7,"column":2},"end":{"line":10,"column":3}},"3":{"start":{"line":8,"column":23},"end":{"line":8,"column":77}},"4":{"start":{"line":9,"column":4},"end":{"line":9,"column":42}},"5":{"start":{"line":5,"column":13},"end":{"line":5,"column":null}}},"fnMap":{"0":{"name":"(anonymous_0)","decl":{"start":{"line":6,"column":2},"end":{"line":6,"column":8}},"loc":{"start":{"line":7,"column":2},"end":{"line":10,"column":3}}},"1":{"name":"(anonymous_1)","decl":{"start":{"line":7,"column":2},"end":{"line":7,"column":3}},"loc":{"start":{"line":7,"column":29},"end":{"line":10,"column":3}}}},"branchMap":{"0":{"loc":{"start":{"line":8,"column":23},"end":{"line":8,"column":77}},"type":"binary-expr","locations":[{"start":{"line":8,"column":23},"end":{"line":8,"column":71}},{"start":{"line":8,"column":75},"end":{"line":8,"column":77}}]}},"s":{"0":3,"1":3,"2":18,"3":18,"4":18,"5":3},"f":{"0":18,"1":18},"b":{"0":[18,2]}}
}
