{"/Users/lujunsheng/myOwnX/DI/src/container.ts": {"path":"/Users/lujunsheng/myOwnX/DI/src/container.ts","statementMap":{"0":{"start":{"line":3,"column":0},"end":{"line":3,"column":53}},"1":{"start":{"line":4,"column":0},"end":{"line":4,"column":45}},"2":{"start":{"line":6,"column":0},"end":{"line":6,"column":59}},"3":{"start":{"line":12,"column":10},"end":{"line":12,"column":26}},"4":{"start":{"line":14,"column":2},"end":{"line":14,"column":50}},"5":{"start":{"line":17,"column":4},"end":{"line":19,"column":null}},"6":{"start":{"line":18,"column":6},"end":{"line":18,"column":44}},"7":{"start":{"line":20,"column":4},"end":{"line":20,"column":31}},"8":{"start":{"line":24,"column":4},"end":{"line":48,"column":null}},"9":{"start":{"line":25,"column":6},"end":{"line":29,"column":9}},"10":{"start":{"line":26,"column":8},"end":{"line":26,"column":44}},"11":{"start":{"line":27,"column":8},"end":{"line":27,"column":41}},"12":{"start":{"line":28,"column":8},"end":{"line":28,"column":44}},"13":{"start":{"line":31,"column":6},"end":{"line":35,"column":9}},"14":{"start":{"line":32,"column":8},"end":{"line":32,"column":42}},"15":{"start":{"line":33,"column":8},"end":{"line":33,"column":41}},"16":{"start":{"line":34,"column":8},"end":{"line":34,"column":42}},"17":{"start":{"line":37,"column":6},"end":{"line":41,"column":9}},"18":{"start":{"line":38,"column":8},"end":{"line":38,"column":43}},"19":{"start":{"line":39,"column":8},"end":{"line":39,"column":41}},"20":{"start":{"line":40,"column":8},"end":{"line":40,"column":43}},"21":{"start":{"line":43,"column":6},"end":{"line":47,"column":9}},"22":{"start":{"line":44,"column":8},"end":{"line":44,"column":43}},"23":{"start":{"line":45,"column":8},"end":{"line":45,"column":52}},"24":{"start":{"line":46,"column":8},"end":{"line":46,"column":43}},"25":{"start":{"line":50,"column":24},"end":{"line":50,"column":47}},"26":{"start":{"line":52,"column":4},"end":{"line":57,"column":null}},"27":{"start":{"line":53,"column":24},"end":{"line":53,"column":45}},"28":{"start":{"line":54,"column":6},"end":{"line":56,"column":null}},"29":{"start":{"line":55,"column":8},"end":{"line":55,"column":25}},"30":{"start":{"line":59,"column":23},"end":{"line":59,"column":45}},"31":{"start":{"line":60,"column":4},"end":{"line":93,"column":null}},"32":{"start":{"line":61,"column":27},"end":{"line":61,"column":64}},"33":{"start":{"line":64,"column":6},"end":{"line":79,"column":null}},"34":{"start":{"line":65,"column":8},"end":{"line":67,"column":null}},"35":{"start":{"line":66,"column":10},"end":{"line":66,"column":64}},"36":{"start":{"line":68,"column":8},"end":{"line":78,"column":11}},"37":{"start":{"line":69,"column":28},"end":{"line":69,"column":47}},"38":{"start":{"line":71,"column":10},"end":{"line":75,"column":null}},"39":{"start":{"line":72,"column":12},"end":{"line":72,"column":32}},"40":{"start":{"line":74,"column":12},"end":{"line":74,"column":56}},"41":{"start":{"line":77,"column":10},"end":{"line":77,"column":43}},"42":{"start":{"line":81,"column":21},"end":{"line":86,"column":8}},"43":{"start":{"line":82,"column":8},"end":{"line":84,"column":null}},"44":{"start":{"line":83,"column":10},"end":{"line":83,"column":38}},"45":{"start":{"line":85,"column":8},"end":{"line":85,"column":51}},"46":{"start":{"line":87,"column":16},"end":{"line":87,"column":34}},"47":{"start":{"line":89,"column":6},"end":{"line":91,"column":null}},"48":{"start":{"line":90,"column":8},"end":{"line":90,"column":33}},"49":{"start":{"line":92,"column":6},"end":{"line":92,"column":15}},"50":{"start":{"line":95,"column":14},"end":{"line":95,"column":23}},"51":{"start":{"line":97,"column":4},"end":{"line":99,"column":null}},"52":{"start":{"line":98,"column":6},"end":{"line":98,"column":31}},"53":{"start":{"line":100,"column":4},"end":{"line":100,"column":13}},"54":{"start":{"line":109,"column":4},"end":{"line":111,"column":null}},"55":{"start":{"line":110,"column":6},"end":{"line":110,"column":54}},"56":{"start":{"line":115,"column":4},"end":{"line":117,"column":null}},"57":{"start":{"line":116,"column":6},"end":{"line":116,"column":26}},"58":{"start":{"line":121,"column":13},"end":{"line":121,"column":47}}},"fnMap":{"0":{"name":"(anonymous_0)","decl":{"start":{"line":9,"column":0},"end":{"line":9,"column":6}},"loc":{"start":{"line":9,"column":0},"end":{"line":119,"column":1}}},"1":{"name":"(anonymous_1)","decl":{"start":{"line":16,"column":2},"end":{"line":16,"column":8}},"loc":{"start":{"line":16,"column":18},"end":{"line":21,"column":3}}},"2":{"name":"(anonymous_2)","decl":{"start":{"line":23,"column":2},"end":{"line":23,"column":9}},"loc":{"start":{"line":23,"column":32},"end":{"line":101,"column":3}}},"3":{"name":"(anonymous_3)","decl":{"start":{"line":25,"column":29},"end":{"line":25,"column":30}},"loc":{"start":{"line":25,"column":44},"end":{"line":29,"column":7}}},"4":{"name":"(anonymous_4)","decl":{"start":{"line":31,"column":27},"end":{"line":31,"column":28}},"loc":{"start":{"line":31,"column":42},"end":{"line":35,"column":7}}},"5":{"name":"(anonymous_5)","decl":{"start":{"line":37,"column":28},"end":{"line":37,"column":29}},"loc":{"start":{"line":37,"column":43},"end":{"line":41,"column":7}}},"6":{"name":"(anonymous_6)","decl":{"start":{"line":43,"column":33},"end":{"line":43,"column":34}},"loc":{"start":{"line":43,"column":48},"end":{"line":47,"column":7}}},"7":{"name":"(anonymous_7)","decl":{"start":{"line":68,"column":42},"end":{"line":68,"column":43}},"loc":{"start":{"line":68,"column":52},"end":{"line":78,"column":9}}},"8":{"name":"(anonymous_8)","decl":{"start":{"line":81,"column":36},"end":{"line":81,"column":37}},"loc":{"start":{"line":81,"column":47},"end":{"line":86,"column":7}}},"9":{"name":"(anonymous_9)","decl":{"start":{"line":108,"column":2},"end":{"line":108,"column":10}},"loc":{"start":{"line":108,"column":75},"end":{"line":112,"column":3}}},"10":{"name":"(anonymous_10)","decl":{"start":{"line":114,"column":2},"end":{"line":114,"column":7}},"loc":{"start":{"line":114,"column":20},"end":{"line":118,"column":3}}}},"branchMap":{"0":{"loc":{"start":{"line":17,"column":4},"end":{"line":19,"column":null}},"type":"if","locations":[{"start":{"line":17,"column":4},"end":{"line":19,"column":null}}]},"1":{"loc":{"start":{"line":24,"column":4},"end":{"line":48,"column":null}},"type":"if","locations":[{"start":{"line":24,"column":4},"end":{"line":48,"column":null}}]},"2":{"loc":{"start":{"line":52,"column":4},"end":{"line":57,"column":null}},"type":"if","locations":[{"start":{"line":52,"column":4},"end":{"line":57,"column":null}}]},"3":{"loc":{"start":{"line":54,"column":6},"end":{"line":56,"column":null}},"type":"if","locations":[{"start":{"line":54,"column":6},"end":{"line":56,"column":null}}]},"4":{"loc":{"start":{"line":60,"column":4},"end":{"line":93,"column":null}},"type":"if","locations":[{"start":{"line":60,"column":4},"end":{"line":93,"column":null}}]},"5":{"loc":{"start":{"line":60,"column":8},"end":{"line":60,"column":54}},"type":"binary-expr","locations":[{"start":{"line":60,"column":8},"end":{"line":60,"column":33}},{"start":{"line":60,"column":37},"end":{"line":60,"column":54}}]},"6":{"loc":{"start":{"line":64,"column":6},"end":{"line":79,"column":null}},"type":"if","locations":[{"start":{"line":64,"column":6},"end":{"line":79,"column":null}}]},"7":{"loc":{"start":{"line":65,"column":8},"end":{"line":67,"column":null}},"type":"if","locations":[{"start":{"line":65,"column":8},"end":{"line":67,"column":null}}]},"8":{"loc":{"start":{"line":71,"column":10},"end":{"line":75,"column":null}},"type":"if","locations":[{"start":{"line":71,"column":10},"end":{"line":75,"column":null}},{"start":{"line":73,"column":17},"end":{"line":75,"column":null}}]},"9":{"loc":{"start":{"line":82,"column":8},"end":{"line":84,"column":null}},"type":"if","locations":[{"start":{"line":82,"column":8},"end":{"line":84,"column":null}}]},"10":{"loc":{"start":{"line":89,"column":6},"end":{"line":91,"column":null}},"type":"if","locations":[{"start":{"line":89,"column":6},"end":{"line":91,"column":null}}]},"11":{"loc":{"start":{"line":97,"column":4},"end":{"line":99,"column":null}},"type":"if","locations":[{"start":{"line":97,"column":4},"end":{"line":99,"column":null}}]},"12":{"loc":{"start":{"line":109,"column":4},"end":{"line":111,"column":null}},"type":"if","locations":[{"start":{"line":109,"column":4},"end":{"line":111,"column":null}}]},"13":{"loc":{"start":{"line":115,"column":4},"end":{"line":117,"column":null}},"type":"if","locations":[{"start":{"line":115,"column":4},"end":{"line":117,"column":null}}]}},"s":{"0":2,"1":2,"2":2,"3":2,"4":2,"5":2,"6":2,"7":2,"8":48,"9":12,"10":60,"11":60,"12":60,"13":12,"14":60,"15":60,"16":60,"17":12,"18":228,"19":228,"20":228,"21":12,"22":36,"23":36,"24":36,"25":48,"26":48,"27":9,"28":9,"29":4,"30":44,"31":44,"32":23,"33":23,"34":15,"35":11,"36":15,"37":16,"38":16,"39":11,"40":5,"41":16,"42":23,"43":30,"44":11,"45":19,"46":23,"47":23,"48":4,"49":23,"50":21,"51":21,"52":1,"53":21,"54":5,"55":5,"56":1,"57":1,"58":2},"f":{"0":2,"1":2,"2":48,"3":60,"4":60,"5":228,"6":36,"7":16,"8":30,"9":5,"10":1},"b":{"0":[2],"1":[12],"2":[9],"3":[4],"4":[23],"5":[44,26],"6":[15],"7":[11],"8":[11,5],"9":[11],"10":[4],"11":[1],"12":[5],"13":[1]}}
,"/Users/lujunsheng/myOwnX/DI/src/dependencyGraph.ts": {"path":"/Users/lujunsheng/myOwnX/DI/src/dependencyGraph.ts","statementMap":{"0":{"start":{"line":18,"column":2},"end":{"line":18,"column":53}},"1":{"start":{"line":30,"column":10},"end":{"line":30,"column":53}},"2":{"start":{"line":32,"column":10},"end":{"line":32,"column":50}},"3":{"start":{"line":34,"column":10},"end":{"line":34,"column":41}},"4":{"start":{"line":36,"column":10},"end":{"line":36,"column":27}},"5":{"start":{"line":21,"column":12},"end":{"line":21,"column":32}},"6":{"start":{"line":22,"column":4},"end":{"line":27,"column":null}},"7":{"start":{"line":23,"column":6},"end":{"line":23,"column":24}},"8":{"start":{"line":24,"column":6},"end":{"line":24,"column":30}},"9":{"start":{"line":26,"column":6},"end":{"line":26,"column":31}},"10":{"start":{"line":43,"column":4},"end":{"line":43,"column":26}},"11":{"start":{"line":45,"column":15},"end":{"line":45,"column":32}},"12":{"start":{"line":47,"column":4},"end":{"line":49,"column":null}},"13":{"start":{"line":48,"column":6},"end":{"line":48,"column":23}},"14":{"start":{"line":51,"column":4},"end":{"line":51,"column":52}},"15":{"start":{"line":52,"column":4},"end":{"line":52,"column":49}},"16":{"start":{"line":53,"column":4},"end":{"line":53,"column":25}},"17":{"start":{"line":55,"column":4},"end":{"line":73,"column":null}},"18":{"start":{"line":56,"column":6},"end":{"line":59,"column":8}},"19":{"start":{"line":60,"column":6},"end":{"line":72,"column":3}},"20":{"start":{"line":75,"column":4},"end":{"line":75,"column":25}},"21":{"start":{"line":79,"column":4},"end":{"line":79,"column":28}},"22":{"start":{"line":81,"column":4},"end":{"line":83,"column":null}},"23":{"start":{"line":82,"column":6},"end":{"line":82,"column":27}},"24":{"start":{"line":85,"column":4},"end":{"line":87,"column":null}},"25":{"start":{"line":86,"column":6},"end":{"line":86,"column":13}},"26":{"start":{"line":88,"column":4},"end":{"line":88,"column":31}},"27":{"start":{"line":89,"column":4},"end":{"line":89,"column":28}},"28":{"start":{"line":90,"column":15},"end":{"line":90,"column":32}},"29":{"start":{"line":91,"column":4},"end":{"line":93,"column":7}},"30":{"start":{"line":92,"column":6},"end":{"line":92,"column":23}},"31":{"start":{"line":94,"column":4},"end":{"line":94,"column":29}},"32":{"start":{"line":13,"column":0},"end":{"line":13,"column":13}},"33":{"start":{"line":99,"column":13},"end":{"line":99,"column":53}}},"fnMap":{"0":{"name":"(anonymous_0)","decl":{"start":{"line":13,"column":0},"end":{"line":13,"column":13}},"loc":{"start":{"line":13,"column":0},"end":{"line":97,"column":1}}},"1":{"name":"(anonymous_1)","decl":{"start":{"line":20,"column":2},"end":{"line":20,"column":5}},"loc":{"start":{"line":20,"column":42},"end":{"line":28,"column":3}}},"2":{"name":"(anonymous_2)","decl":{"start":{"line":42,"column":2},"end":{"line":42,"column":9}},"loc":{"start":{"line":42,"column":9},"end":{"line":76,"column":3}}},"3":{"name":"(anonymous_3)","decl":{"start":{"line":78,"column":10},"end":{"line":78,"column":18}},"loc":{"start":{"line":78,"column":33},"end":{"line":96,"column":3}}},"4":{"name":"(anonymous_4)","decl":{"start":{"line":91,"column":16},"end":{"line":91,"column":17}},"loc":{"start":{"line":91,"column":22},"end":{"line":93,"column":5}}}},"branchMap":{"0":{"loc":{"start":{"line":22,"column":4},"end":{"line":27,"column":null}},"type":"if","locations":[{"start":{"line":22,"column":4},"end":{"line":27,"column":null}},{"start":{"line":25,"column":11},"end":{"line":27,"column":null}}]},"1":{"loc":{"start":{"line":55,"column":4},"end":{"line":73,"column":null}},"type":"if","locations":[{"start":{"line":55,"column":4},"end":{"line":73,"column":null}}]},"2":{"loc":{"start":{"line":81,"column":4},"end":{"line":83,"column":null}},"type":"if","locations":[{"start":{"line":81,"column":4},"end":{"line":83,"column":null}}]},"3":{"loc":{"start":{"line":85,"column":4},"end":{"line":87,"column":null}},"type":"if","locations":[{"start":{"line":85,"column":4},"end":{"line":87,"column":null}}]},"4":{"loc":{"start":{"line":85,"column":8},"end":{"line":85,"column":45}},"type":"binary-expr","locations":[{"start":{"line":85,"column":8},"end":{"line":85,"column":28}},{"start":{"line":85,"column":32},"end":{"line":85,"column":45}}]},"5":{"loc":{"start":{"line":91,"column":4},"end":{"line":93,"column":6}},"type":"cond-expr","locations":[{"start":{"line":91,"column":6},"end":{"line":91,"column":8}},{"start":{"line":91,"column":4},"end":{"line":93,"column":6}}]},"6":{"loc":{"start":{"line":91,"column":4},"end":{"line":91,"column":8}},"type":"binary-expr","locations":[{"start":{"line":91,"column":4},"end":{"line":91,"column":8}},{"start":{"line":91,"column":4},"end":{"line":91,"column":8}}]}},"s":{"0":13,"1":13,"2":13,"3":13,"4":13,"5":36,"6":36,"7":2,"8":2,"9":34,"10":29,"11":29,"12":29,"13":207,"14":29,"15":29,"16":29,"17":29,"18":5,"19":5,"20":29,"21":430,"22":430,"23":6,"24":430,"25":107,"26":323,"27":323,"28":323,"29":323,"30":223,"31":323,"32":5,"33":5},"f":{"0":13,"1":36,"2":29,"3":430,"4":223},"b":{"0":[2,34],"1":[5],"2":[6],"3":[107],"4":[430,323],"5":[116,207],"6":[323,323]}}
,"/Users/lujunsheng/myOwnX/DI/src/inject.ts": {"path":"/Users/lujunsheng/myOwnX/DI/src/inject.ts","statementMap":{"0":{"start":{"line":6,"column":0},"end":{"line":6,"column":40}},"1":{"start":{"line":12,"column":13},"end":{"line":12,"column":49}},"2":{"start":{"line":39,"column":21},"end":{"line":39,"column":37}},"3":{"start":{"line":25,"column":10},"end":{"line":37,"column":4}},"4":{"start":{"line":41,"column":2},"end":{"line":41,"column":22}},"5":{"start":{"line":44,"column":4},"end":{"line":46,"column":null}},"6":{"start":{"line":45,"column":6},"end":{"line":45,"column":55}},"7":{"start":{"line":47,"column":4},"end":{"line":47,"column":24}},"8":{"start":{"line":51,"column":42},"end":{"line":51,"column":44}},"9":{"start":{"line":52,"column":20},"end":{"line":58,"column":5}},"10":{"start":{"line":53,"column":6},"end":{"line":57,"column":8}},"11":{"start":{"line":54,"column":8},"end":{"line":54,"column":30}},"12":{"start":{"line":55,"column":23},"end":{"line":55,"column":36}},"13":{"start":{"line":56,"column":8},"end":{"line":56,"column":40}},"14":{"start":{"line":59,"column":4},"end":{"line":59,"column":41}},"15":{"start":{"line":61,"column":4},"end":{"line":61,"column":46}},"16":{"start":{"line":24,"column":0},"end":{"line":24,"column":13}},"17":{"start":{"line":68,"column":2},"end":{"line":77,"column":3}},"18":{"start":{"line":69,"column":2},"end":{"line":77,"column":3}},"19":{"start":{"line":72,"column":21},"end":{"line":72,"column":70}},"20":{"start":{"line":73,"column":4},"end":{"line":75,"column":6}},"21":{"start":{"line":76,"column":4},"end":{"line":76,"column":58}},"22":{"start":{"line":67,"column":13},"end":{"line":67,"column":null}},"23":{"start":{"line":79,"column":21},"end":{"line":79,"column":68}},"24":{"start":{"line":79,"column":43},"end":{"line":79,"column":68}},"25":{"start":{"line":79,"column":13},"end":{"line":79,"column":21}}},"fnMap":{"0":{"name":"(anonymous_0)","decl":{"start":{"line":39,"column":2},"end":{"line":39,"column":21}},"loc":{"start":{"line":39,"column":37},"end":{"line":39,"column":41}}},"1":{"name":"(anonymous_1)","decl":{"start":{"line":43,"column":2},"end":{"line":43,"column":6}},"loc":{"start":{"line":43,"column":12},"end":{"line":48,"column":3}}},"2":{"name":"(anonymous_2)","decl":{"start":{"line":50,"column":2},"end":{"line":50,"column":13}},"loc":{"start":{"line":50,"column":13},"end":{"line":62,"column":3}}},"3":{"name":"(anonymous_3)","decl":{"start":{"line":52,"column":20},"end":{"line":52,"column":21}},"loc":{"start":{"line":52,"column":60},"end":{"line":58,"column":5}}},"4":{"name":"(anonymous_4)","decl":{"start":{"line":53,"column":22},"end":{"line":53,"column":23}},"loc":{"start":{"line":53,"column":41},"end":{"line":57,"column":7}}},"5":{"name":"(anonymous_5)","decl":{"start":{"line":68,"column":2},"end":{"line":68,"column":3}},"loc":{"start":{"line":69,"column":2},"end":{"line":77,"column":3}}},"6":{"name":"(anonymous_6)","decl":{"start":{"line":69,"column":2},"end":{"line":69,"column":3}},"loc":{"start":{"line":69,"column":75},"end":{"line":77,"column":3}}},"7":{"name":"(anonymous_7)","decl":{"start":{"line":79,"column":21},"end":{"line":79,"column":22}},"loc":{"start":{"line":79,"column":43},"end":{"line":79,"column":68}}}},"branchMap":{"0":{"loc":{"start":{"line":44,"column":4},"end":{"line":46,"column":null}},"type":"if","locations":[{"start":{"line":44,"column":4},"end":{"line":46,"column":null}}]},"1":{"loc":{"start":{"line":72,"column":21},"end":{"line":72,"column":70}},"type":"binary-expr","locations":[{"start":{"line":72,"column":21},"end":{"line":72,"column":64}},{"start":{"line":72,"column":68},"end":{"line":72,"column":70}}]}},"s":{"0":2,"1":2,"2":5,"3":5,"4":5,"5":9,"6":5,"7":9,"8":11,"9":11,"10":121,"11":9,"12":9,"13":9,"14":11,"15":11,"16":2,"17":2,"18":15,"19":15,"20":15,"21":15,"22":2,"23":2,"24":5,"25":2},"f":{"0":5,"1":9,"2":11,"3":121,"4":9,"5":15,"6":15,"7":5},"b":{"0":[5],"1":[15,13]}}
,"/Users/lujunsheng/myOwnX/DI/src/injectable.ts": {"path":"/Users/lujunsheng/myOwnX/DI/src/injectable.ts","statementMap":{"0":{"start":{"line":1,"column":0},"end":{"line":1,"column":52}},"1":{"start":{"line":4,"column":13},"end":{"line":4,"column":70}},"2":{"start":{"line":7,"column":2},"end":{"line":25,"column":3}},"3":{"start":{"line":8,"column":2},"end":{"line":25,"column":3}},"4":{"start":{"line":9,"column":24},"end":{"line":10,"column":8}},"5":{"start":{"line":11,"column":4},"end":{"line":20,"column":null}},"6":{"start":{"line":12,"column":6},"end":{"line":19,"column":4}},"7":{"start":{"line":22,"column":4},"end":{"line":22,"column":42}},"8":{"start":{"line":23,"column":4},"end":{"line":23,"column":44}},"9":{"start":{"line":24,"column":4},"end":{"line":24,"column":30}},"10":{"start":{"line":6,"column":13},"end":{"line":6,"column":null}}},"fnMap":{"0":{"name":"(anonymous_0)","decl":{"start":{"line":7,"column":2},"end":{"line":7,"column":8}},"loc":{"start":{"line":8,"column":2},"end":{"line":25,"column":3}}},"1":{"name":"(anonymous_1)","decl":{"start":{"line":8,"column":2},"end":{"line":8,"column":3}},"loc":{"start":{"line":8,"column":29},"end":{"line":25,"column":3}}}},"branchMap":{"0":{"loc":{"start":{"line":9,"column":24},"end":{"line":10,"column":8}},"type":"binary-expr","locations":[{"start":{"line":9,"column":24},"end":{"line":9,"column":72}},{"start":{"line":10,"column":6},"end":{"line":10,"column":8}}]},"1":{"loc":{"start":{"line":11,"column":4},"end":{"line":20,"column":null}},"type":"if","locations":[{"start":{"line":11,"column":4},"end":{"line":20,"column":null}}]}},"s":{"0":4,"1":4,"2":4,"3":23,"4":23,"5":23,"6":2,"7":23,"8":23,"9":23,"10":4},"f":{"0":23,"1":23},"b":{"0":[23,2],"1":[2]}}
,"/Users/lujunsheng/myOwnX/DI/src/singleton.ts": {"path":"/Users/lujunsheng/myOwnX/DI/src/singleton.ts","statementMap":{"0":{"start":{"line":1,"column":0},"end":{"line":1,"column":42}},"1":{"start":{"line":4,"column":13},"end":{"line":4,"column":67}},"2":{"start":{"line":5,"column":13},"end":{"line":5,"column":61}},"3":{"start":{"line":8,"column":2},"end":{"line":12,"column":3}},"4":{"start":{"line":9,"column":2},"end":{"line":12,"column":3}},"5":{"start":{"line":10,"column":4},"end":{"line":10,"column":25}},"6":{"start":{"line":11,"column":4},"end":{"line":11,"column":37}},"7":{"start":{"line":7,"column":13},"end":{"line":7,"column":null}}},"fnMap":{"0":{"name":"(anonymous_0)","decl":{"start":{"line":8,"column":2},"end":{"line":8,"column":8}},"loc":{"start":{"line":9,"column":2},"end":{"line":12,"column":3}}},"1":{"name":"(anonymous_1)","decl":{"start":{"line":9,"column":2},"end":{"line":9,"column":3}},"loc":{"start":{"line":9,"column":29},"end":{"line":12,"column":3}}}},"branchMap":{},"s":{"0":3,"1":3,"2":3,"3":3,"4":6,"5":6,"6":6,"7":3},"f":{"0":6,"1":6},"b":{}}
,"/Users/lujunsheng/myOwnX/DI/src/mock/circleA.ts": {"path":"/Users/lujunsheng/myOwnX/DI/src/mock/circleA.ts","statementMap":{"0":{"start":{"line":1,"column":0},"end":{"line":1,"column":42}},"1":{"start":{"line":2,"column":0},"end":{"line":2,"column":43}},"2":{"start":{"line":3,"column":0},"end":{"line":3,"column":41}},"3":{"start":{"line":16,"column":0},"end":{"line":19,"column":null}},"4":{"start":{"line":18,"column":51},"end":{"line":18,"column":54}},"5":{"start":{"line":17,"column":2},"end":{"line":17,"column":13}},"6":{"start":{"line":16,"column":13},"end":{"line":19,"column":null}},"7":{"start":{"line":18,"column":34},"end":{"line":18,"column":41}},"8":{"start":{"line":16,"column":13},"end":{"line":16,"column":20}},"9":{"start":{"line":26,"column":0},"end":{"line":28,"column":null}},"10":{"start":{"line":27,"column":47},"end":{"line":27,"column":50}},"11":{"start":{"line":26,"column":13},"end":{"line":28,"column":null}},"12":{"start":{"line":27,"column":34},"end":{"line":27,"column":37}},"13":{"start":{"line":26,"column":13},"end":{"line":26,"column":16}}},"fnMap":{"0":{"name":"(anonymous_0)","decl":{"start":{"line":18,"column":2},"end":{"line":18,"column":15}},"loc":{"start":{"line":18,"column":61},"end":{"line":18,"column":65}}},"1":{"name":"(anonymous_1)","decl":{"start":{"line":18,"column":28},"end":{"line":18,"column":31}},"loc":{"start":{"line":18,"column":34},"end":{"line":18,"column":41}}},"2":{"name":"(anonymous_2)","decl":{"start":{"line":27,"column":2},"end":{"line":27,"column":15}},"loc":{"start":{"line":27,"column":53},"end":{"line":27,"column":57}}},"3":{"name":"(anonymous_3)","decl":{"start":{"line":27,"column":28},"end":{"line":27,"column":31}},"loc":{"start":{"line":27,"column":34},"end":{"line":27,"column":37}}}},"branchMap":{},"s":{"0":1,"1":1,"2":1,"3":1,"4":2,"5":2,"6":1,"7":1,"8":1,"9":1,"10":2,"11":1,"12":1,"13":1},"f":{"0":2,"1":1,"2":2,"3":1},"b":{}}
,"/Users/lujunsheng/myOwnX/DI/src/mock/circleB.ts": {"path":"/Users/lujunsheng/myOwnX/DI/src/mock/circleB.ts","statementMap":{"0":{"start":{"line":1,"column":0},"end":{"line":1,"column":42}},"1":{"start":{"line":2,"column":0},"end":{"line":2,"column":43}},"2":{"start":{"line":3,"column":0},"end":{"line":3,"column":41}},"3":{"start":{"line":6,"column":0},"end":{"line":9,"column":null}},"4":{"start":{"line":8,"column":51},"end":{"line":8,"column":54}},"5":{"start":{"line":7,"column":2},"end":{"line":7,"column":13}},"6":{"start":{"line":6,"column":13},"end":{"line":9,"column":null}},"7":{"start":{"line":8,"column":34},"end":{"line":8,"column":41}},"8":{"start":{"line":6,"column":13},"end":{"line":6,"column":20}},"9":{"start":{"line":12,"column":0},"end":{"line":14,"column":null}},"10":{"start":{"line":13,"column":47},"end":{"line":13,"column":50}},"11":{"start":{"line":12,"column":13},"end":{"line":14,"column":null}},"12":{"start":{"line":13,"column":34},"end":{"line":13,"column":37}},"13":{"start":{"line":12,"column":13},"end":{"line":12,"column":16}},"14":{"start":{"line":17,"column":0},"end":{"line":19,"column":null}},"15":{"start":{"line":18,"column":47},"end":{"line":18,"column":50}},"16":{"start":{"line":17,"column":13},"end":{"line":19,"column":null}},"17":{"start":{"line":18,"column":34},"end":{"line":18,"column":37}},"18":{"start":{"line":17,"column":13},"end":{"line":17,"column":16}}},"fnMap":{"0":{"name":"(anonymous_0)","decl":{"start":{"line":8,"column":2},"end":{"line":8,"column":15}},"loc":{"start":{"line":8,"column":61},"end":{"line":8,"column":65}}},"1":{"name":"(anonymous_1)","decl":{"start":{"line":8,"column":28},"end":{"line":8,"column":31}},"loc":{"start":{"line":8,"column":34},"end":{"line":8,"column":41}}},"2":{"name":"(anonymous_2)","decl":{"start":{"line":13,"column":2},"end":{"line":13,"column":15}},"loc":{"start":{"line":13,"column":53},"end":{"line":13,"column":57}}},"3":{"name":"(anonymous_3)","decl":{"start":{"line":13,"column":28},"end":{"line":13,"column":31}},"loc":{"start":{"line":13,"column":34},"end":{"line":13,"column":37}}},"4":{"name":"(anonymous_4)","decl":{"start":{"line":18,"column":2},"end":{"line":18,"column":15}},"loc":{"start":{"line":18,"column":53},"end":{"line":18,"column":57}}},"5":{"name":"(anonymous_5)","decl":{"start":{"line":18,"column":28},"end":{"line":18,"column":31}},"loc":{"start":{"line":18,"column":34},"end":{"line":18,"column":37}}}},"branchMap":{},"s":{"0":1,"1":1,"2":1,"3":1,"4":3,"5":3,"6":1,"7":1,"8":1,"9":1,"10":2,"11":1,"12":1,"13":1,"14":1,"15":2,"16":1,"17":1,"18":1},"f":{"0":3,"1":1,"2":2,"3":1,"4":2,"5":1},"b":{}}
}
