TN:
SF:src/container.ts
FN:9,(anonymous_0)
FN:16,(anonymous_1)
FN:23,(anonymous_2)
FN:25,(anonymous_3)
FN:31,(anonymous_4)
FN:37,(anonymous_5)
FN:43,(anonymous_6)
FN:68,(anonymous_7)
FN:81,(anonymous_8)
FN:108,(anonymous_9)
FN:114,(anonymous_10)
FNF:11
FNH:11
FNDA:2,(anonymous_0)
FNDA:2,(anonymous_1)
FNDA:48,(anonymous_2)
FNDA:60,(anonymous_3)
FNDA:60,(anonymous_4)
FNDA:228,(anonymous_5)
FNDA:36,(anonymous_6)
FNDA:16,(anonymous_7)
FNDA:30,(anonymous_8)
FNDA:5,(anonymous_9)
FNDA:1,(anonymous_10)
DA:3,2
DA:4,2
DA:6,2
DA:12,2
DA:14,2
DA:17,2
DA:18,2
DA:20,2
DA:24,48
DA:25,12
DA:26,60
DA:27,60
DA:28,60
DA:31,12
DA:32,60
DA:33,60
DA:34,60
DA:37,12
DA:38,228
DA:39,228
DA:40,228
DA:43,12
DA:44,36
DA:45,36
DA:46,36
DA:50,48
DA:52,48
DA:53,9
DA:54,9
DA:55,4
DA:59,44
DA:60,44
DA:61,23
DA:64,23
DA:65,15
DA:66,11
DA:68,15
DA:69,16
DA:71,16
DA:72,11
DA:74,5
DA:77,16
DA:81,23
DA:82,30
DA:83,11
DA:85,19
DA:87,23
DA:89,23
DA:90,4
DA:92,23
DA:95,21
DA:97,21
DA:98,1
DA:100,21
DA:109,5
DA:110,5
DA:115,1
DA:116,1
DA:121,2
LF:59
LH:59
BRDA:17,0,0,2
BRDA:24,1,0,12
BRDA:52,2,0,9
BRDA:54,3,0,4
BRDA:60,4,0,23
BRDA:60,5,0,44
BRDA:60,5,1,26
BRDA:64,6,0,15
BRDA:65,7,0,11
BRDA:71,8,0,11
BRDA:71,8,1,5
BRDA:82,9,0,11
BRDA:89,10,0,4
BRDA:97,11,0,1
BRDA:109,12,0,5
BRDA:115,13,0,1
BRF:16
BRH:16
end_of_record
TN:
SF:src/dependencyGraph.ts
FN:13,(anonymous_0)
FN:20,(anonymous_1)
FN:42,(anonymous_2)
FN:78,(anonymous_3)
FN:91,(anonymous_4)
FNF:5
FNH:5
FNDA:13,(anonymous_0)
FNDA:36,(anonymous_1)
FNDA:29,(anonymous_2)
FNDA:430,(anonymous_3)
FNDA:223,(anonymous_4)
DA:13,5
DA:18,13
DA:21,36
DA:22,36
DA:23,2
DA:24,2
DA:26,34
DA:30,13
DA:32,13
DA:34,13
DA:36,13
DA:43,29
DA:45,29
DA:47,29
DA:48,207
DA:51,29
DA:52,29
DA:53,29
DA:55,29
DA:56,5
DA:60,5
DA:75,29
DA:79,430
DA:81,430
DA:82,6
DA:85,430
DA:86,107
DA:88,323
DA:89,323
DA:90,323
DA:91,323
DA:92,223
DA:94,323
DA:99,5
LF:34
LH:34
BRDA:22,0,0,2
BRDA:22,0,1,34
BRDA:55,1,0,5
BRDA:81,2,0,6
BRDA:85,3,0,107
BRDA:85,4,0,430
BRDA:85,4,1,323
BRDA:91,5,0,116
BRDA:91,5,1,207
BRDA:91,6,0,323
BRDA:91,6,1,323
BRF:11
BRH:11
end_of_record
TN:
SF:src/inject.ts
FN:39,(anonymous_0)
FN:43,(anonymous_1)
FN:50,(anonymous_2)
FN:52,(anonymous_3)
FN:53,(anonymous_4)
FN:68,(anonymous_5)
FN:69,(anonymous_6)
FN:79,(anonymous_7)
FNF:8
FNH:8
FNDA:5,(anonymous_0)
FNDA:9,(anonymous_1)
FNDA:11,(anonymous_2)
FNDA:121,(anonymous_3)
FNDA:9,(anonymous_4)
FNDA:15,(anonymous_5)
FNDA:15,(anonymous_6)
FNDA:5,(anonymous_7)
DA:6,2
DA:12,2
DA:24,2
DA:25,5
DA:39,5
DA:41,5
DA:44,9
DA:45,5
DA:47,9
DA:51,11
DA:52,11
DA:53,121
DA:54,9
DA:55,9
DA:56,9
DA:59,11
DA:61,11
DA:67,2
DA:68,2
DA:69,15
DA:72,15
DA:73,15
DA:76,15
DA:79,5
LF:24
LH:24
BRDA:44,0,0,5
BRDA:72,1,0,15
BRDA:72,1,1,13
BRF:3
BRH:3
end_of_record
TN:
SF:src/injectable.ts
FN:7,(anonymous_0)
FN:8,(anonymous_1)
FNF:2
FNH:2
FNDA:23,(anonymous_0)
FNDA:23,(anonymous_1)
DA:1,4
DA:4,4
DA:6,4
DA:7,4
DA:8,23
DA:9,23
DA:11,23
DA:12,2
DA:22,23
DA:23,23
DA:24,23
LF:11
LH:11
BRDA:9,0,0,23
BRDA:9,0,1,2
BRDA:11,1,0,2
BRF:3
BRH:3
end_of_record
TN:
SF:src/singleton.ts
FN:8,(anonymous_0)
FN:9,(anonymous_1)
FNF:2
FNH:2
FNDA:6,(anonymous_0)
FNDA:6,(anonymous_1)
DA:1,3
DA:4,3
DA:5,3
DA:7,3
DA:8,3
DA:9,6
DA:10,6
DA:11,6
LF:8
LH:8
BRF:0
BRH:0
end_of_record
TN:
SF:src/mock/circleA.ts
FN:18,(anonymous_0)
FN:18,(anonymous_1)
FN:27,(anonymous_2)
FN:27,(anonymous_3)
FNF:4
FNH:4
FNDA:2,(anonymous_0)
FNDA:1,(anonymous_1)
FNDA:2,(anonymous_2)
FNDA:1,(anonymous_3)
DA:1,1
DA:2,1
DA:3,1
DA:16,1
DA:17,2
DA:18,2
DA:26,1
DA:27,2
LF:8
LH:8
BRF:0
BRH:0
end_of_record
TN:
SF:src/mock/circleB.ts
FN:8,(anonymous_0)
FN:8,(anonymous_1)
FN:13,(anonymous_2)
FN:13,(anonymous_3)
FN:18,(anonymous_4)
FN:18,(anonymous_5)
FNF:6
FNH:6
FNDA:3,(anonymous_0)
FNDA:1,(anonymous_1)
FNDA:2,(anonymous_2)
FNDA:1,(anonymous_3)
FNDA:2,(anonymous_4)
FNDA:1,(anonymous_5)
DA:1,1
DA:2,1
DA:3,1
DA:6,1
DA:7,3
DA:8,3
DA:12,1
DA:13,2
DA:17,1
DA:18,2
LF:10
LH:10
BRF:0
BRH:0
end_of_record
