TN:
SF:src/container.ts
FN:9,(anonymous_0)
FN:16,(anonymous_1)
FN:23,(anonymous_2)
FN:25,(anonymous_3)
FN:31,(anonymous_4)
FN:37,(anonymous_5)
FN:43,(anonymous_6)
FN:68,(anonymous_7)
FN:81,(anonymous_8)
FN:108,(anonymous_9)
FN:120,(anonymous_10)
FNF:11
FNH:11
FNDA:2,(anonymous_0)
FNDA:2,(anonymous_1)
FNDA:42,(anonymous_2)
FNDA:30,(anonymous_3)
FNDA:30,(anonymous_4)
FNDA:96,(anonymous_5)
FNDA:18,(anonymous_6)
FNDA:10,(anonymous_7)
FNDA:24,(anonymous_8)
FNDA:5,(anonymous_9)
FNDA:1,(anonymous_10)
DA:3,2
DA:4,2
DA:6,2
DA:12,2
DA:14,2
DA:17,2
DA:18,2
DA:20,2
DA:24,42
DA:25,6
DA:26,30
DA:27,30
DA:28,30
DA:31,6
DA:32,30
DA:33,30
DA:34,30
DA:37,6
DA:38,96
DA:39,96
DA:40,96
DA:43,6
DA:44,18
DA:45,18
DA:46,18
DA:50,42
DA:52,42
DA:53,9
DA:54,9
DA:55,4
DA:59,38
DA:60,38
DA:61,17
DA:64,17
DA:65,9
DA:66,5
DA:68,9
DA:69,10
DA:71,10
DA:72,5
DA:74,5
DA:77,10
DA:81,17
DA:82,24
DA:83,5
DA:85,19
DA:87,17
DA:89,17
DA:90,4
DA:92,17
DA:95,21
DA:97,21
DA:98,1
DA:100,21
DA:112,5
DA:113,5
DA:115,5
DA:116,0
DA:121,1
DA:122,1
DA:127,2
LF:61
LH:60
BRDA:17,0,0,2
BRDA:24,1,0,6
BRDA:52,2,0,9
BRDA:54,3,0,4
BRDA:60,4,0,17
BRDA:60,5,0,38
BRDA:60,5,1,20
BRDA:64,6,0,9
BRDA:65,7,0,5
BRDA:71,8,0,5
BRDA:71,8,1,5
BRDA:82,9,0,5
BRDA:89,10,0,4
BRDA:97,11,0,1
BRDA:112,12,0,5
BRDA:115,13,0,0
BRDA:121,14,0,1
BRF:17
BRH:16
end_of_record
TN:
SF:src/inject.ts
FN:38,(anonymous_0)
FN:42,(anonymous_1)
FN:49,(anonymous_2)
FN:51,(anonymous_3)
FN:52,(anonymous_4)
FN:67,(anonymous_5)
FN:68,(anonymous_6)
FN:81,(anonymous_7)
FNF:8
FNH:8
FNDA:2,(anonymous_0)
FNDA:6,(anonymous_1)
FNDA:5,(anonymous_2)
FNDA:55,(anonymous_3)
FNDA:6,(anonymous_4)
FNDA:12,(anonymous_5)
FNDA:12,(anonymous_6)
FNDA:2,(anonymous_7)
DA:6,2
DA:11,2
DA:23,2
DA:24,2
DA:38,2
DA:40,2
DA:43,6
DA:44,2
DA:46,6
DA:50,5
DA:51,5
DA:52,55
DA:53,6
DA:54,6
DA:55,6
DA:58,5
DA:60,5
DA:66,2
DA:67,2
DA:68,12
DA:71,12
DA:73,12
DA:77,12
DA:81,2
LF:24
LH:24
BRDA:43,0,0,2
BRDA:71,1,0,12
BRDA:71,1,1,10
BRF:3
BRH:3
end_of_record
TN:
SF:src/injectable.ts
FN:6,(anonymous_0)
FN:7,(anonymous_1)
FNF:2
FNH:2
FNDA:20,(anonymous_0)
FNDA:20,(anonymous_1)
DA:3,4
DA:5,4
DA:6,4
DA:7,20
DA:8,20
DA:10,20
DA:11,1
DA:20,20
LF:8
LH:8
BRDA:8,0,0,20
BRDA:8,0,1,2
BRDA:10,1,0,1
BRF:3
BRH:3
end_of_record
TN:
SF:src/singleton.ts
FN:8,(anonymous_0)
FN:9,(anonymous_1)
FNF:2
FNH:2
FNDA:6,(anonymous_0)
FNDA:6,(anonymous_1)
DA:1,3
DA:4,3
DA:5,3
DA:7,3
DA:8,3
DA:9,6
DA:10,6
DA:11,6
LF:8
LH:8
BRF:0
BRH:0
end_of_record
TN:
SF:src/utils.ts
FN:3,isClass
FNF:1
FNH:1
FNDA:3,isClass
DA:3,1
DA:4,3
DA:5,2
DA:6,1
DA:9,2
LF:5
LH:5
BRDA:4,0,0,2
BRDA:5,1,0,1
BRF:2
BRH:2
end_of_record
TN:
SF:src/mock/circleA.ts
FN:18,(anonymous_0)
FN:18,(anonymous_1)
FNF:2
FNH:2
FNDA:2,(anonymous_0)
FNDA:1,(anonymous_1)
DA:1,1
DA:2,1
DA:3,1
DA:16,1
DA:17,2
DA:18,2
LF:6
LH:6
BRF:0
BRH:0
end_of_record
TN:
SF:src/mock/circleB.ts
FN:8,(anonymous_0)
FN:8,(anonymous_1)
FNF:2
FNH:2
FNDA:3,(anonymous_0)
FNDA:1,(anonymous_1)
DA:1,1
DA:2,1
DA:3,1
DA:6,1
DA:7,3
DA:8,3
LF:6
LH:6
BRF:0
BRH:0
end_of_record
